# this is used for recording test status
# this is second for submitting
# this is third for submitting
20180918_202455_test.xml cudnn::12345678::2018/08/08::google::87654321::2018/07/07::TITAN X (Pascal)::
20180919_080440_test.xml cudnn::24949413::2018/09/14::google::24930366::2018/09/11::TITAN X (Pascal)::
20180919_080611_test.xml cudnn::24949413::2018/09/14::google::24930366::2018/09/11::TITAN X (Pascal)::
20180919_081658_test.xml cudnn::24949413::2018/09/14::google::24930366::2018/09/11::TITAN X (Pascal)::
20180919_084227_test.xml cudnn::24949413::2018/09/14::google::24930366::2018/09/11::TITAN X (Pascal)::
20180919_084250_test.xml cudnn::24949413::2018/09/14::google::24930366::2018/09/11::TITAN X (Pascal)::
20180919_091611_test.xml cudnn::24949413::2018/09/14::google::24930366::2018/09/11::TITAN X (Pascal)::
20180919_095340_test.xml cudnn::24949413::2018/09/14::google::24930366::2018/09/11::TITAN X (Pascal)::
20180919_151013_test.xml cudnn::24968842::2018/09/19::google::24930366::2018/09/11::Tesla P4            Off  | 00000000:00:04.0::
20180919_205414_test.xml cudnn::24968842::2018/09/19::google::24930366::2018/09/11::TITAN V             On   | 00000000:01:00.0::
20180920_053205_test.xml cudnn::24968842::2018/09/19::google::24930366::2018/09/11::Tesla V100-DGXS...  On   | 00000000:07:00.0::
20180920_221213_test.xml cudnn::24976560::2018/09/20::google::24930366::2018/09/11::TITAN V::
20180920_223837_test.xml cudnn::24976560::2018/09/20::google::24930366::2018/09/11::Tesla P4::
20180920_235739_test.xml cudnn::24976560::2018/09/20::google::24930366::2018/09/11::Tesla V100-DGXS-16GB::
20180922_210612_test.xml cudnn::24981657::2018/09/21::google::24930366::2018/09/11::TITAN V::
20180923_001131_test.xml cudnn::24981657::2018/09/21::google::24930366::2018/09/11::Tesla P4::
20180923_013639_test.xml cudnn::24981657::2018/09/21::google::24930366::2018/09/11::Tesla V100-DGXS-16GB::
20180925_203133_test.xml cudnn::24991858::2018/09/24::google::24930366::2018/09/11::TITAN V::
20180925_210913_test.xml cudnn::24991858::2018/09/24::google::24930366::2018/09/11::Tesla V100-DGXS-16GB::
20180925_213827_test.xml cudnn::24991858::2018/09/24::google::24930366::2018/09/11::Tesla P4::
20180927_215324_test.xml cudnn::25006416::2018/09/27::google::24930366::2018/09/11::Tesla P4::
20180927_223806_test.xml cudnn::25006416::2018/09/27::google::24930366::2018/09/11::TITAN V::
20180927_232641_test.xml cudnn::25006416::2018/09/27::google::24930366::2018/09/11::Tesla V100-DGXS-16GB::
20180929_201955_test.xml cudnn::25015182::2018/09/28::google::24930366::2018/09/11::Tesla V100-DGXS-16GB::
20180929_210701_test.xml cudnn::25015182::2018/09/28::google::24930366::2018/09/11::Tesla P4::
20180929_212245_test.xml cudnn::25015182::2018/09/28::google::24930366::2018/09/11::TITAN V::
20181002_211619_test.xml cudnn::25015182::2018/09/28::google::24930366::2018/09/11::Tesla P4::
20181002_231118_test.xml cudnn::25015182::2018/09/28::google::24930366::2018/09/11::Tesla V100-DGXS-16GB::
